TN:
SF:./src/client/app/app.module.js
FN:1,(anonymous_1)
FN:11,(anonymous_2)
FNF:2
FNH:1
FNDA:1,(anonymous_1)
FNDA:0,(anonymous_2)
DA:1,1
DA:4,1
DA:12,0
LF:3
LH:2
BRF:0
BRH:0
end_of_record
TN:
SF:./src/client/app/blocks/exception/exception.module.js
FN:1,(anonymous_1)
FNF:1
FNH:1
FNDA:1,(anonymous_1)
DA:1,1
DA:4,1
LF:2
LH:2
BRF:0
BRH:0
end_of_record
TN:
SF:./src/client/app/blocks/logger/logger.module.js
FN:1,(anonymous_1)
FNF:1
FNH:1
FNDA:1,(anonymous_1)
DA:1,1
DA:4,1
LF:2
LH:2
BRF:0
BRH:0
end_of_record
TN:
SF:./src/client/app/blocks/router/router.module.js
FN:1,(anonymous_1)
FNF:1
FNH:1
FNDA:1,(anonymous_1)
DA:1,1
DA:4,1
LF:2
LH:2
BRF:0
BRH:0
end_of_record
TN:
SF:./src/client/app/booking/booking.module.js
FN:4,(anonymous_1)
FNF:1
FNH:1
FNDA:1,(anonymous_1)
DA:4,1
DA:7,1
LF:2
LH:2
BRF:0
BRH:0
end_of_record
TN:
SF:./src/client/app/core/core.module.js
FN:1,(anonymous_1)
FNF:1
FNH:1
FNDA:1,(anonymous_1)
DA:1,1
DA:4,1
LF:2
LH:2
BRF:0
BRH:0
end_of_record
TN:
SF:./src/client/app/header/header.module.js
FN:1,(anonymous_1)
FNF:1
FNH:1
FNDA:1,(anonymous_1)
DA:1,1
DA:4,1
LF:2
LH:2
BRF:0
BRH:0
end_of_record
TN:
SF:./src/client/app/Directives/custompopover.js
FNF:0
FNH:0
LF:0
LH:0
BRF:0
BRH:0
end_of_record
TN:
SF:./src/client/app/blocks/exception/exception-handler.provider.js
FN:3,(anonymous_1)
FN:14,exceptionHandlerProvider
FN:20,(anonymous_3)
FN:24,(anonymous_4)
FN:37,config
FN:50,extendExceptionHandler
FN:51,(anonymous_7)
FNF:7
FNH:7
FNDA:1,(anonymous_1)
FNDA:11,exceptionHandlerProvider
FNDA:8,(anonymous_3)
FNDA:13,(anonymous_4)
FNDA:11,config
FNDA:11,extendExceptionHandler
FNDA:1,(anonymous_7)
DA:3,1
DA:6,1
DA:14,1
DA:16,11
DA:20,11
DA:21,8
DA:24,11
DA:25,13
DA:29,1
DA:37,1
DA:38,11
DA:41,1
DA:50,1
DA:51,11
DA:52,1
DA:53,1
DA:54,1
DA:55,1
DA:65,0
LF:19
LH:18
BRDA:52,1,0,1
BRDA:52,1,1,0
BRF:2
BRH:1
end_of_record
TN:
SF:./src/client/app/blocks/exception/exception.js
FN:1,(anonymous_1)
FN:9,exception
FN:15,catcher
FN:16,(anonymous_4)
FNF:4
FNH:1
FNDA:1,(anonymous_1)
FNDA:0,exception
FNDA:0,catcher
FNDA:0,(anonymous_4)
DA:1,1
DA:4,1
DA:9,1
DA:10,0
DA:13,0
DA:15,1
DA:16,0
DA:17,0
DA:18,0
DA:19,0
DA:20,0
DA:21,0
DA:23,0
DA:24,0
DA:25,0
LF:15
LH:4
BRDA:19,1,0,0
BRDA:19,1,1,0
BRDA:19,2,0,0
BRDA:19,2,1,0
BRF:4
BRH:0
end_of_record
TN:
SF:./src/client/app/blocks/logger/logger.js
FN:1,(anonymous_1)
FN:11,logger
FN:27,error
FN:32,info
FN:37,success
FN:42,warning
FNF:6
FNH:2
FNDA:1,(anonymous_1)
FNDA:11,logger
FNDA:0,error
FNDA:0,info
FNDA:0,success
FNDA:0,warning
DA:1,1
DA:4,1
DA:8,1
DA:11,1
DA:12,11
DA:24,11
DA:27,1
DA:28,0
DA:29,0
DA:32,1
DA:33,0
DA:34,0
DA:37,1
DA:38,0
DA:39,0
DA:42,1
DA:43,0
DA:44,0
LF:18
LH:10
BRF:0
BRH:0
end_of_record
TN:
SF:./src/client/app/blocks/router/router-helper.provider.js
FN:2,(anonymous_1)
FN:11,routerHelperProvider
FN:24,(anonymous_3)
FN:31,RouterHelper
FN:51,configureStates
FN:52,(anonymous_6)
FN:63,handleRoutingErrors
FN:68,(anonymous_8)
FN:86,init
FN:91,getStates
FN:93,updateDocTitle
FN:95,(anonymous_12)
FNF:12
FNH:7
FNDA:1,(anonymous_1)
FNDA:3,routerHelperProvider
FNDA:3,(anonymous_3)
FNDA:3,RouterHelper
FNDA:0,configureStates
FNDA:0,(anonymous_6)
FNDA:3,handleRoutingErrors
FNDA:0,(anonymous_8)
FNDA:3,init
FNDA:0,getStates
FNDA:3,updateDocTitle
FNDA:0,(anonymous_12)
DA:2,1
DA:5,1
DA:9,1
DA:11,1
DA:13,3
DA:18,3
DA:19,0
DA:22,3
DA:24,3
DA:25,3
DA:28,3
DA:29,3
DA:31,1
DA:32,3
DA:33,3
DA:34,3
DA:39,3
DA:45,3
DA:47,3
DA:51,1
DA:52,0
DA:53,0
DA:55,0
DA:57,0
DA:58,0
DA:59,0
DA:63,1
DA:67,3
DA:69,0
DA:70,0
DA:72,0
DA:73,0
DA:74,0
DA:77,0
DA:80,0
DA:81,0
DA:86,1
DA:87,3
DA:88,3
DA:91,1
DA:93,1
DA:94,3
DA:96,0
DA:97,0
DA:98,0
DA:99,0
LF:46
LH:27
BRDA:18,1,0,0
BRDA:18,1,1,3
BRDA:18,2,0,3
BRDA:18,2,1,3
BRDA:54,3,0,0
BRDA:54,3,1,0
BRDA:57,4,0,0
BRDA:57,4,1,0
BRDA:57,5,0,0
BRDA:57,5,1,0
BRDA:69,6,0,0
BRDA:69,6,1,0
BRDA:74,7,0,0
BRDA:74,7,1,0
BRDA:74,7,2,0
BRDA:74,7,3,0
BRDA:74,7,4,0
BRDA:78,8,0,0
BRDA:78,8,1,0
BRDA:78,9,0,0
BRDA:78,9,1,0
BRDA:79,10,0,0
BRDA:79,10,1,0
BRDA:98,11,0,0
BRDA:98,11,1,0
BRF:25
BRH:3
end_of_record
TN:
SF:./src/client/app/booking/booking.controller.js
FN:4,(anonymous_1)
FN:15,BookingController
FN:243,activate
FN:247,(anonymous_4)
FN:255,(anonymous_5)
FNF:5
FNH:1
FNDA:1,(anonymous_1)
FNDA:0,BookingController
FNDA:0,activate
FNDA:0,(anonymous_4)
FNDA:0,(anonymous_5)
DA:4,1
DA:7,1
DA:12,1
DA:15,1
DA:16,0
DA:17,0
DA:18,0
DA:20,0
DA:240,0
DA:241,0
DA:243,1
DA:244,0
DA:247,0
DA:248,0
DA:249,0
DA:250,0
DA:251,0
DA:255,0
DA:256,0
DA:263,0
DA:264,0
DA:265,0
DA:266,0
DA:267,0
DA:268,0
DA:269,0
DA:270,0
LF:27
LH:5
BRDA:250,1,0,0
BRDA:250,1,1,0
BRDA:263,2,0,0
BRDA:263,2,1,0
BRDA:263,3,0,0
BRDA:263,3,1,0
BRDA:263,3,2,0
BRDA:263,3,3,0
BRF:8
BRH:0
end_of_record
TN:
SF:./src/client/app/booking/booking.route.js
FN:4,(anonymous_1)
FN:13,appRun
FN:17,getStates
FNF:3
FNH:1
FNDA:1,(anonymous_1)
FNDA:0,appRun
FNDA:0,getStates
DA:4,1
DA:7,1
DA:11,1
DA:13,1
DA:14,0
DA:17,1
DA:18,0
LF:7
LH:5
BRF:0
BRH:0
end_of_record
TN:
SF:./src/client/app/core/config.js
FN:1,(anonymous_1)
FN:10,toastrConfig
FN:26,configure
FNF:3
FNH:3
FNDA:1,(anonymous_1)
FNDA:3,toastrConfig
FNDA:3,configure
DA:1,1
DA:4,1
DA:6,1
DA:8,1
DA:10,1
DA:11,3
DA:12,3
DA:15,1
DA:20,1
DA:22,1
DA:24,1
DA:26,1
DA:27,3
DA:28,3
DA:30,3
DA:31,3
LF:16
LH:16
BRDA:27,1,0,3
BRDA:27,1,1,0
BRF:2
BRH:1
end_of_record
TN:
SF:./src/client/app/core/constants.js
FN:2,(anonymous_1)
FNF:1
FNH:1
FNDA:1,(anonymous_1)
DA:2,1
DA:5,1
LF:2
LH:2
BRF:0
BRH:0
end_of_record
TN:
SF:./src/client/app/core/core.route.js
FN:1,(anonymous_1)
FN:10,appRun
FN:15,getStates
FNF:3
FNH:1
FNDA:1,(anonymous_1)
FNDA:0,appRun
FNDA:0,getStates
DA:1,1
DA:4,1
DA:10,1
DA:11,0
DA:12,0
DA:15,1
DA:16,0
LF:7
LH:4
BRF:0
BRH:0
end_of_record
TN:
SF:./src/client/app/core/dataservice.js
FN:1,(anonymous_1)
FN:10,dataservice
FN:18,getMessageCount
FN:20,getPeople
FN:25,success
FN:29,fail
FNF:6
FNH:1
FNDA:1,(anonymous_1)
FNDA:0,dataservice
FNDA:0,getMessageCount
FNDA:0,getPeople
FNDA:0,success
FNDA:0,fail
DA:1,1
DA:4,1
DA:8,1
DA:10,1
DA:11,0
DA:16,0
DA:18,1
DA:20,1
DA:21,0
DA:25,1
DA:26,0
DA:29,1
DA:30,0
LF:13
LH:8
BRF:0
BRH:0
end_of_record
TN:
SF:./src/client/app/header/header.controller.js
FN:1,(anonymous_1)
FN:11,HeaderController
FN:18,activate
FNF:3
FNH:1
FNDA:1,(anonymous_1)
FNDA:0,HeaderController
FNDA:0,activate
DA:1,1
DA:4,1
DA:8,1
DA:11,1
DA:12,0
DA:13,0
DA:16,0
DA:18,1
DA:19,0
LF:9
LH:5
BRF:0
BRH:0
end_of_record
TN:
SF:./src/client/app/header/header.route.js
FN:1,(anonymous_1)
FN:10,appRun
FN:14,getStates
FNF:3
FNH:1
FNDA:1,(anonymous_1)
FNDA:0,appRun
FNDA:0,getStates
DA:1,1
DA:4,1
DA:8,1
DA:10,1
DA:11,0
DA:14,1
DA:15,0
LF:7
LH:5
BRF:0
BRH:0
end_of_record
